From github.com:sdww2348115/articlehub
 * branch            main       -> FETCH_HEAD
Already up to date.
[main ce8d53f] auto: sync articlehub docs 2026-04-28 01:00:04
 1 file changed, 3 insertions(+)
 create mode 100644 sync.log
To github.com:sdww2348115/articlehub.git
   6eab8a3..ce8d53f  main -> main
Changes committed and pushed
From github.com:sdww2348115/articlehub
 * branch            main       -> FETCH_HEAD
Already up to date.
[main b386829] auto: sync articlehub docs 2026-04-28 02:00:04
 1 file changed, 9 insertions(+)
To github.com:sdww2348115/articlehub.git
   ad05e9a..b386829  main -> main
Changes committed and pushed
From github.com:sdww2348115/articlehub
 * branch            main       -> FETCH_HEAD
   b386829..5dd9107  main       -> origin/main
Updating b386829..5dd9107
Fast-forward
 .obsidian/workspace.json | 2 ++
 1 file changed, 2 insertions(+)
[main a0f8623] auto: sync articlehub docs 2026-04-28 03:00:04
 1 file changed, 12 insertions(+)
To github.com:sdww2348115/articlehub.git
   5dd9107..a0f8623  main -> main
Changes committed and pushed
From github.com:sdww2348115/articlehub
 * branch            main       -> FETCH_HEAD
Already up to date.
